{
  "stats": {
    "suites": 1,
    "tests": 7,
    "passes": 7,
    "pending": 0,
    "failures": 0,
    "start": "2024-10-13T01:13:01.888Z",
    "end": "2024-10-13T01:13:27.195Z",
    "duration": 25307,
    "testsRegistered": 7,
    "passPercent": 100,
    "pendingPercent": 0,
    "other": 0,
    "hasOther": false,
    "skipped": 0,
    "hasSkipped": false
  },
  "results": [
    {
      "uuid": "154a2b41-c508-469c-9e31-5c8ea65e36fa",
      "title": "",
      "fullFile": "cypress\\e2e\\autenticacao.cy.js",
      "file": "cypress\\e2e\\autenticacao.cy.js",
      "beforeHooks": [],
      "afterHooks": [],
      "tests": [],
      "suites": [
        {
          "uuid": "99348498-8032-4340-8594-3029557bce75",
          "title": "Validação de Autenticação e Teste de Credenciais de Usuário",
          "fullFile": "",
          "file": "",
          "beforeHooks": [],
          "afterHooks": [],
          "tests": [
            {
              "title": "Deve autenticar o usuário com credenciais válidas",
              "fullTitle": "Validação de Autenticação e Teste de Credenciais de Usuário Deve autenticar o usuário com credenciais válidas",
              "timedOut": null,
              "duration": 8312,
              "state": "passed",
              "speed": "medium",
              "pass": true,
              "fail": false,
              "pending": false,
              "context": null,
              "code": "cy.intercept('POST', `${Cypress.env('apiUrl')}/users/login`).as('loginRequest');\ncy.visit('/notes/app');\ncy.get('input[name=\"email\"]').type(Cypress.env('email'));\ncy.get('input[name=\"password\"]').type(Cypress.env('password'));\ncy.get('button[type=\"submit\"]').click();\ncy.wait('@loginRequest').its('response.statusCode').should('eq', 200);",
              "err": {},
              "uuid": "38d92fb0-a435-4fad-8913-e9b0693cfdff",
              "parentUUID": "99348498-8032-4340-8594-3029557bce75",
              "isHook": false,
              "skipped": false
            },
            {
              "title": "Deve exibir mensagem de erro ao inserir credenciais inválidas",
              "fullTitle": "Validação de Autenticação e Teste de Credenciais de Usuário Deve exibir mensagem de erro ao inserir credenciais inválidas",
              "timedOut": null,
              "duration": 3828,
              "state": "passed",
              "speed": "fast",
              "pass": true,
              "fail": false,
              "pending": false,
              "context": null,
              "code": "cy.intercept('POST', `${Cypress.env('apiUrl')}/users/login`).as('loginRequest');\ncy.get('input[name=\"email\"]').type('invaliduser@example.com');\ncy.get('input[name=\"password\"]').type('wrongpassword');\ncy.get('button[type=\"submit\"]').click();\ncy.wait('@loginRequest').its('response.statusCode').should('eq', 401);",
              "err": {},
              "uuid": "0d3e1152-92e5-4519-9e20-d43949f28ca8",
              "parentUUID": "99348498-8032-4340-8594-3029557bce75",
              "isHook": false,
              "skipped": false
            },
            {
              "title": "Deve exibir mensagem de erro ao tentar logar sem email",
              "fullTitle": "Validação de Autenticação e Teste de Credenciais de Usuário Deve exibir mensagem de erro ao tentar logar sem email",
              "timedOut": null,
              "duration": 1847,
              "state": "passed",
              "speed": "fast",
              "pass": true,
              "fail": false,
              "pending": false,
              "context": null,
              "code": "cy.get('input[name=\"password\"]').type(Cypress.env('password'));\ncy.get('button[type=\"submit\"]').click();\ncy.get('.invalid-feedback').should('be.visible').should('contain', 'Email address is required');",
              "err": {},
              "uuid": "d74093ae-f6c4-433f-b539-47ed8ce2fc67",
              "parentUUID": "99348498-8032-4340-8594-3029557bce75",
              "isHook": false,
              "skipped": false
            },
            {
              "title": "Deve exibir mensagem de erro ao não inserir senha",
              "fullTitle": "Validação de Autenticação e Teste de Credenciais de Usuário Deve exibir mensagem de erro ao não inserir senha",
              "timedOut": null,
              "duration": 2959,
              "state": "passed",
              "speed": "fast",
              "pass": true,
              "fail": false,
              "pending": false,
              "context": null,
              "code": "cy.intercept('POST', `${Cypress.env('apiUrl')}/users/login`).as('loginRequest');\ncy.get('input[name=\"email\"]').type(Cypress.env('email'));\ncy.get('input[name=\"password\"]').type('wrongpassword');\ncy.get('button[type=\"submit\"]').click();\ncy.wait('@loginRequest').its('response.statusCode').should('eq', 401);",
              "err": {},
              "uuid": "08b23e05-2283-4e2d-a24a-49f1cb4d32c0",
              "parentUUID": "99348498-8032-4340-8594-3029557bce75",
              "isHook": false,
              "skipped": false
            },
            {
              "title": "Deve exibir mensagem de erro ao inserir um email não registrado",
              "fullTitle": "Validação de Autenticação e Teste de Credenciais de Usuário Deve exibir mensagem de erro ao inserir um email não registrado",
              "timedOut": null,
              "duration": 2093,
              "state": "passed",
              "speed": "fast",
              "pass": true,
              "fail": false,
              "pending": false,
              "context": null,
              "code": "cy.intercept('POST', `${Cypress.env('apiUrl')}/users/login`).as('loginRequest');\ncy.get('input[name=\"email\"]').type('notregistered@example.com');\ncy.get('input[name=\"password\"]').type(Cypress.env('password'));\ncy.get('button[type=\"submit\"]').click();\ncy.wait('@loginRequest').its('response.statusCode').should('eq', 401);",
              "err": {},
              "uuid": "89536ff3-8340-43c1-949f-808f5c031b27",
              "parentUUID": "99348498-8032-4340-8594-3029557bce75",
              "isHook": false,
              "skipped": false
            },
            {
              "title": "Deve exibir mensagem de erro ao inserir um email sem o símbolo \"@\"",
              "fullTitle": "Validação de Autenticação e Teste de Credenciais de Usuário Deve exibir mensagem de erro ao inserir um email sem o símbolo \"@\"",
              "timedOut": null,
              "duration": 2629,
              "state": "passed",
              "speed": "fast",
              "pass": true,
              "fail": false,
              "pending": false,
              "context": null,
              "code": "cy.get('input[name=\"email\"]').type('invalidemail.com');\ncy.get('input[name=\"password\"]').type(Cypress.env('password'));\ncy.get('button[type=\"submit\"]').click();\ncy.get('.invalid-feedback').should('contain', 'Email address is invalid');",
              "err": {},
              "uuid": "9951c965-a26d-499d-87af-440894fd2f82",
              "parentUUID": "99348498-8032-4340-8594-3029557bce75",
              "isHook": false,
              "skipped": false
            },
            {
              "title": "Deve exibir mensagem de erro ao inserir um email sem domínio",
              "fullTitle": "Validação de Autenticação e Teste de Credenciais de Usuário Deve exibir mensagem de erro ao inserir um email sem domínio",
              "timedOut": null,
              "duration": 3115,
              "state": "passed",
              "speed": "fast",
              "pass": true,
              "fail": false,
              "pending": false,
              "context": null,
              "code": "cy.get('input[name=\"email\"]').type('invalidemail@domain');\ncy.get('input[name=\"password\"]').type(Cypress.env('password'));\ncy.get('button[type=\"submit\"]').click();\ncy.get('.invalid-feedback').should('contain', 'Email address is invalid');",
              "err": {},
              "uuid": "cdb8fd80-9d78-4865-9c89-2816b584c762",
              "parentUUID": "99348498-8032-4340-8594-3029557bce75",
              "isHook": false,
              "skipped": false
            }
          ],
          "suites": [],
          "passes": [
            "38d92fb0-a435-4fad-8913-e9b0693cfdff",
            "0d3e1152-92e5-4519-9e20-d43949f28ca8",
            "d74093ae-f6c4-433f-b539-47ed8ce2fc67",
            "08b23e05-2283-4e2d-a24a-49f1cb4d32c0",
            "89536ff3-8340-43c1-949f-808f5c031b27",
            "9951c965-a26d-499d-87af-440894fd2f82",
            "cdb8fd80-9d78-4865-9c89-2816b584c762"
          ],
          "failures": [],
          "pending": [],
          "skipped": [],
          "duration": 24783,
          "root": false,
          "rootEmpty": false,
          "_timeout": 2000
        }
      ],
      "passes": [],
      "failures": [],
      "pending": [],
      "skipped": [],
      "duration": 0,
      "root": true,
      "rootEmpty": true,
      "_timeout": 2000
    }
  ],
  "meta": {
    "mocha": {
      "version": "7.0.1"
    },
    "mochawesome": {
      "options": {
        "quiet": false,
        "reportFilename": "mochawesome",
        "saveHtml": true,
        "saveJson": true,
        "consoleReporter": "spec",
        "useInlineDiffs": false,
        "code": true
      },
      "version": "7.1.3"
    },
    "marge": {
      "options": {
        "reportDir": "cypress/reports",
        "overwrite": false,
        "html": true,
        "json": true
      },
      "version": "6.2.0"
    }
  }
}