{
  "stats": {
    "suites": 1,
    "tests": 15,
    "passes": 14,
    "pending": 0,
    "failures": 1,
    "start": "2024-10-13T01:38:56.529Z",
    "end": "2024-10-13T01:40:13.300Z",
    "duration": 76771,
    "testsRegistered": 15,
    "passPercent": 93.33333333333333,
    "pendingPercent": 0,
    "other": 0,
    "hasOther": false,
    "skipped": 0,
    "hasSkipped": false
  },
  "results": [
    {
      "uuid": "eb132a73-cb94-4d7a-a9d6-c67937634e40",
      "title": "",
      "fullFile": "cypress\\e2e\\notes.cy.js",
      "file": "cypress\\e2e\\notes.cy.js",
      "beforeHooks": [],
      "afterHooks": [],
      "tests": [],
      "suites": [
        {
          "uuid": "692b2182-4f36-48df-9f54-2c041f35fa40",
          "title": "Operações CRUD de Notas e Validações de Erros",
          "fullFile": "",
          "file": "",
          "beforeHooks": [],
          "afterHooks": [],
          "tests": [
            {
              "title": "Deve cancelar criação de nota pelo botão",
              "fullTitle": "Operações CRUD de Notas e Validações de Erros Deve cancelar criação de nota pelo botão",
              "timedOut": null,
              "duration": 5777,
              "state": "passed",
              "speed": "medium",
              "pass": true,
              "fail": false,
              "pending": false,
              "context": null,
              "code": "cy.intercept('POST', `${Cypress.env('apiUrl')}/notes`).as('createNote');\ncy.get('[data-testid=\"add-new-note\"]').click();\ncy.get('[data-testid=\"note-title\"]').type('Minha Nova Nota');\ncy.get('[data-testid=\"note-description\"]').type('Conteúdo da nota criada via frontend.');\ncy.get('[data-testid=\"note-cancel\"]').click();",
              "err": {},
              "uuid": "4592d857-5ff3-42f4-a811-3d0abe0d95fd",
              "parentUUID": "692b2182-4f36-48df-9f54-2c041f35fa40",
              "isHook": false,
              "skipped": false
            },
            {
              "title": "Deve criar uma nova nota com sucesso (Frontend e API)",
              "fullTitle": "Operações CRUD de Notas e Validações de Erros Deve criar uma nova nota com sucesso (Frontend e API)",
              "timedOut": null,
              "duration": 5003,
              "state": "passed",
              "speed": "medium",
              "pass": true,
              "fail": false,
              "pending": false,
              "context": null,
              "code": "cy.intercept('POST', `${Cypress.env('apiUrl')}/notes`).as('createNote');\ncy.get('[data-testid=\"add-new-note\"]').click();\ncy.selectOption('select[name=\"category\"]', 'Work');\ncy.get('[data-testid=\"note-title\"]').type('Minha Nova Nota');\ncy.get('[data-testid=\"note-description\"]').type('Conteúdo da nota criada via frontend.');\ncy.get('[data-testid=\"note-submit\"]').click();\ncy.wait('@createNote').its('response.statusCode').should('eq', 200);\ncy.get('div#root').should('contain', 'Minha Nova Nota');",
              "err": {},
              "uuid": "c88b161d-518b-432f-b3bd-74c8613985b9",
              "parentUUID": "692b2182-4f36-48df-9f54-2c041f35fa40",
              "isHook": false,
              "skipped": false
            },
            {
              "title": "Deve exibir mensagem de erro ao tentar criar uma nota sem título",
              "fullTitle": "Operações CRUD de Notas e Validações de Erros Deve exibir mensagem de erro ao tentar criar uma nota sem título",
              "timedOut": null,
              "duration": 3516,
              "state": "passed",
              "speed": "fast",
              "pass": true,
              "fail": false,
              "pending": false,
              "context": null,
              "code": "cy.get('[data-testid=\"add-new-note\"]').click();\ncy.get('[data-testid=\"note-description\"]').type('Tentando criar uma nota sem título.');\ncy.get('[data-testid=\"note-submit\"]').click();\ncy.get('.invalid-feedback').should('be.visible');",
              "err": {},
              "uuid": "afc7b492-dfec-45b4-9447-ac0866fc0e29",
              "parentUUID": "692b2182-4f36-48df-9f54-2c041f35fa40",
              "isHook": false,
              "skipped": false
            },
            {
              "title": "Deve exibir mensagem de erro ao tentar criar uma nota sem body",
              "fullTitle": "Operações CRUD de Notas e Validações de Erros Deve exibir mensagem de erro ao tentar criar uma nota sem body",
              "timedOut": null,
              "duration": 3685,
              "state": "passed",
              "speed": "fast",
              "pass": true,
              "fail": false,
              "pending": false,
              "context": null,
              "code": "cy.get('[data-testid=\"add-new-note\"]').click();\ncy.get('[data-testid=\"note-title\"]').type('Minha Nova Nota');\ncy.get('[data-testid=\"note-submit\"]').click();\ncy.get('.invalid-feedback').should('be.visible');",
              "err": {},
              "uuid": "4ecc4e0c-c670-4170-a218-7cc5d27cd790",
              "parentUUID": "692b2182-4f36-48df-9f54-2c041f35fa40",
              "isHook": false,
              "skipped": false
            },
            {
              "title": "Deve editar uma nota existente com sucesso",
              "fullTitle": "Operações CRUD de Notas e Validações de Erros Deve editar uma nota existente com sucesso",
              "timedOut": null,
              "duration": 3908,
              "state": "passed",
              "speed": "fast",
              "pass": true,
              "fail": false,
              "pending": false,
              "context": null,
              "code": "cy.intercept('PUT', `${Cypress.env('apiUrl')}/notes/*`).as('editNote');\ncy.get('[data-testid=\"note-edit\"]').first().click();\ncy.get('[data-testid=\"note-title\"]').clear().type('Nota Editada');\ncy.get('[data-testid=\"note-description\"]').clear().type('Conteúdo da nota editada.');\ncy.get('[data-testid=\"note-submit\"]').click();\ncy.wait('@editNote').its('response.statusCode').should('eq', 200);\ncy.get('div#root').should('contain', 'Nota Editada');",
              "err": {},
              "uuid": "49c5f597-9257-4439-8400-e1d44b7d4ccb",
              "parentUUID": "692b2182-4f36-48df-9f54-2c041f35fa40",
              "isHook": false,
              "skipped": false
            },
            {
              "title": "Deve editar a categoria de uma nota existente com sucesso",
              "fullTitle": "Operações CRUD de Notas e Validações de Erros Deve editar a categoria de uma nota existente com sucesso",
              "timedOut": null,
              "duration": 2966,
              "state": "passed",
              "speed": "fast",
              "pass": true,
              "fail": false,
              "pending": false,
              "context": null,
              "code": "cy.intercept('PUT', `${Cypress.env('apiUrl')}/notes/*`).as('editNote');\ncy.get('[data-testid=\"note-edit\"]').first().click();\ncy.selectOption('select[name=\"category\"]', 'Home');\ncy.get('[data-testid=\"note-submit\"]').click();\ncy.wait('@editNote').its('response.statusCode').should('eq', 200);\ncy.get('div#root').should('contain', 'Nota Editada');",
              "err": {},
              "uuid": "d42d03b6-55c7-43c6-ae98-e8f2be3b00c9",
              "parentUUID": "692b2182-4f36-48df-9f54-2c041f35fa40",
              "isHook": false,
              "skipped": false
            },
            {
              "title": "Deve checkar uma nota pelo dashboard com sucesso",
              "fullTitle": "Operações CRUD de Notas e Validações de Erros Deve checkar uma nota pelo dashboard com sucesso",
              "timedOut": null,
              "duration": 2973,
              "state": "passed",
              "speed": "fast",
              "pass": true,
              "fail": false,
              "pending": false,
              "context": null,
              "code": "cy.intercept('PATCH', `${Cypress.env('apiUrl')}/notes/*`).as('checkNote');\ncy.get('[data-testid=\"toggle-note-switch\"]').first().click();\ncy.get('[data-testid=\"toggle-note-switch\"]').should('be.checked');\ncy.wait('@checkNote').its('response.statusCode').should('eq', 200);",
              "err": {},
              "uuid": "02fcdd9a-5786-40f7-a29a-d2bc4b524d57",
              "parentUUID": "692b2182-4f36-48df-9f54-2c041f35fa40",
              "isHook": false,
              "skipped": false
            },
            {
              "title": "Deve descheckar uma nota pelo dashboard com sucesso",
              "fullTitle": "Operações CRUD de Notas e Validações de Erros Deve descheckar uma nota pelo dashboard com sucesso",
              "timedOut": null,
              "duration": 2539,
              "state": "passed",
              "speed": "fast",
              "pass": true,
              "fail": false,
              "pending": false,
              "context": null,
              "code": "cy.intercept('PATCH', `${Cypress.env('apiUrl')}/notes/*`).as('checkNote');\ncy.get('[data-testid=\"toggle-note-switch\"]:checked').first().click();\ncy.get('[data-testid=\"toggle-note-switch\"]:checked').should('not.exist');",
              "err": {},
              "uuid": "3b99e548-5c8e-4a84-97b5-03d40eade9a3",
              "parentUUID": "692b2182-4f36-48df-9f54-2c041f35fa40",
              "isHook": false,
              "skipped": false
            },
            {
              "title": "Deve checkar uma nota pelo card com sucesso",
              "fullTitle": "Operações CRUD de Notas e Validações de Erros Deve checkar uma nota pelo card com sucesso",
              "timedOut": null,
              "duration": 3277,
              "state": "passed",
              "speed": "fast",
              "pass": true,
              "fail": false,
              "pending": false,
              "context": null,
              "code": "cy.intercept('PUT', `${Cypress.env('apiUrl')}/notes/*`).as('checkNote');\ncy.get('[data-testid=\"note-edit\"]').first().click();\ncy.get('[data-testid=\"note-completed\"]').click();\ncy.get('[data-testid=\"note-submit\"]').click();\ncy.get('[data-testid=\"toggle-note-switch\"]').should('be.checked');\ncy.wait('@checkNote').its('response.statusCode').should('eq', 200);",
              "err": {},
              "uuid": "d7d9bbe8-2fe1-490f-a7bf-ee033da84bed",
              "parentUUID": "692b2182-4f36-48df-9f54-2c041f35fa40",
              "isHook": false,
              "skipped": false
            },
            {
              "title": "Deve filtrar as notas pela categoria Work",
              "fullTitle": "Operações CRUD de Notas e Validações de Erros Deve filtrar as notas pela categoria Work",
              "timedOut": null,
              "duration": 2526,
              "state": "passed",
              "speed": "fast",
              "pass": true,
              "fail": false,
              "pending": false,
              "context": null,
              "code": "cy.get('[data-testid=\"category-home\"]').click();\ncy.get('div[data-testid=\"note-card\"]').each($el => {\n  cy.wrap($el).should('contain', 'Nota Editada');\n});",
              "err": {},
              "uuid": "896ca241-c4ae-4a79-87f8-5d116be4175b",
              "parentUUID": "692b2182-4f36-48df-9f54-2c041f35fa40",
              "isHook": false,
              "skipped": false
            },
            {
              "title": "Deve filtrar as notas pelo título",
              "fullTitle": "Operações CRUD de Notas e Validações de Erros Deve filtrar as notas pelo título",
              "timedOut": null,
              "duration": 4007,
              "state": "passed",
              "speed": "fast",
              "pass": true,
              "fail": false,
              "pending": false,
              "context": null,
              "code": "cy.get('[data-testid=\"search-input\"]').type('Nota editada');\ncy.get('[data-testid=\"search-btn\"]').click();\ncy.get('div#root').should('contain', 'Nota Editada');",
              "err": {},
              "uuid": "9ee690b6-607b-4dc7-9e12-45229809a79b",
              "parentUUID": "692b2182-4f36-48df-9f54-2c041f35fa40",
              "isHook": false,
              "skipped": false
            },
            {
              "title": "Deve cancelar a exclusão de uma nota com sucesso",
              "fullTitle": "Operações CRUD de Notas e Validações de Erros Deve cancelar a exclusão de uma nota com sucesso",
              "timedOut": null,
              "duration": 2632,
              "state": "passed",
              "speed": "fast",
              "pass": true,
              "fail": false,
              "pending": false,
              "context": null,
              "code": "cy.intercept('DELETE', `${Cypress.env('apiUrl')}/notes/*`).as('deleteNote');\ncy.get('[data-testid=\"note-delete\"]').first().click();\ncy.get('[data-testid=\"note-delete-cancel-2\"]').click();",
              "err": {},
              "uuid": "c3e8268d-bc58-4505-aa0c-633b7fdb495e",
              "parentUUID": "692b2182-4f36-48df-9f54-2c041f35fa40",
              "isHook": false,
              "skipped": false
            },
            {
              "title": "Deve excluir de uma nota com sucesso",
              "fullTitle": "Operações CRUD de Notas e Validações de Erros Deve excluir de uma nota com sucesso",
              "timedOut": null,
              "duration": 3184,
              "state": "passed",
              "speed": "fast",
              "pass": true,
              "fail": false,
              "pending": false,
              "context": null,
              "code": "cy.intercept('DELETE', `${Cypress.env('apiUrl')}/notes/*`).as('deleteNote');\ncy.get('[data-testid=\"note-delete\"]').first().click();\ncy.get('[data-testid=\"note-delete-confirm\"]').click();\ncy.wait('@deleteNote').its('response.statusCode').should('eq', 200);\ncy.get('div#root').should('not.contain', 'Nota Editada');",
              "err": {},
              "uuid": "11c32c86-2a12-480d-b8f2-d1d484a6008d",
              "parentUUID": "692b2182-4f36-48df-9f54-2c041f35fa40",
              "isHook": false,
              "skipped": false
            },
            {
              "title": "Deve ser possível cadastrar notas sem limite de unidades",
              "fullTitle": "Operações CRUD de Notas e Validações de Erros Deve ser possível cadastrar notas sem limite de unidades",
              "timedOut": null,
              "duration": 14473,
              "state": "passed",
              "speed": "slow",
              "pass": true,
              "fail": false,
              "pending": false,
              "context": null,
              "code": "for (let i = 0; i < 10; i++) {\n  cy.intercept('POST', `${Cypress.env('apiUrl')}/notes`).as('createNote');\n  cy.get('[data-testid=\"add-new-note\"]').click();\n  cy.get('[data-testid=\"note-title\"]').type(`Nota ${i}`);\n  cy.get('[data-testid=\"note-description\"]').type('Conteúdo da nota');\n  cy.get('[data-testid=\"note-submit\"]').click();\n  cy.wait('@createNote').its('response.statusCode').should('eq', 200);\n}\ncy.get('div[data-testid=\"note-card\"]').should('have.length', 10);",
              "err": {},
              "uuid": "67116c23-7ff3-4869-a62a-34f8efdd7054",
              "parentUUID": "692b2182-4f36-48df-9f54-2c041f35fa40",
              "isHook": false,
              "skipped": false
            },
            {
              "title": "Deve lidar com erro da API ao tentar criar uma nota",
              "fullTitle": "Operações CRUD de Notas e Validações de Erros Deve lidar com erro da API ao tentar criar uma nota",
              "timedOut": null,
              "duration": 9965,
              "state": "failed",
              "speed": null,
              "pass": false,
              "fail": true,
              "pending": false,
              "context": null,
              "code": "cy.intercept({\n  method: 'POST',\n  url: `${Cypress.env('apiUrl')}/notes`\n}, {\n  statusCode: 500,\n  body: {\n    message: 'Erro interno no servidor'\n  }\n}).as('createNoteError');\ncy.get('[data-testid=\"add-new-note\"]').click();\ncy.get('[data-testid=\"note-title\"]').type('Nota Teste com Erro de API');\ncy.get('[data-testid=\"note-description\"]').type('Tentando criar uma nota com erro de API.');\ncy.get('[data-testid=\"note-submit\"]').click();\ncy.wait('@createNoteError').its('response.statusCode').should('eq', 500);\ncy.get('[data-testid=\"note-cancel\"]').click();",
              "err": {
                "message": "AssertionError: Timed out retrying after 4000ms: Expected to find content: 'Login' within the element: <button.btn.btn-primary.mt-3.mt-lg-0> but never did.\n\nBecause this error occurred during a `after all` hook we are skipping all of the remaining tests.",
                "estack": "AssertionError: Timed out retrying after 4000ms: Expected to find content: 'Login' within the element: <button.btn.btn-primary.mt-3.mt-lg-0> but never did.\n\nBecause this error occurred during a `after all` hook we are skipping all of the remaining tests.\n    at Context.eval (webpack://vsg-cypress-notes-app/./cypress/e2e/notes.cy.js:157:25)",
                "diff": null
              },
              "uuid": "c8236c11-0b0d-4458-82a0-70dd960727d7",
              "parentUUID": "692b2182-4f36-48df-9f54-2c041f35fa40",
              "isHook": false,
              "skipped": false
            }
          ],
          "suites": [],
          "passes": [
            "4592d857-5ff3-42f4-a811-3d0abe0d95fd",
            "c88b161d-518b-432f-b3bd-74c8613985b9",
            "afc7b492-dfec-45b4-9447-ac0866fc0e29",
            "4ecc4e0c-c670-4170-a218-7cc5d27cd790",
            "49c5f597-9257-4439-8400-e1d44b7d4ccb",
            "d42d03b6-55c7-43c6-ae98-e8f2be3b00c9",
            "02fcdd9a-5786-40f7-a29a-d2bc4b524d57",
            "3b99e548-5c8e-4a84-97b5-03d40eade9a3",
            "d7d9bbe8-2fe1-490f-a7bf-ee033da84bed",
            "896ca241-c4ae-4a79-87f8-5d116be4175b",
            "9ee690b6-607b-4dc7-9e12-45229809a79b",
            "c3e8268d-bc58-4505-aa0c-633b7fdb495e",
            "11c32c86-2a12-480d-b8f2-d1d484a6008d",
            "67116c23-7ff3-4869-a62a-34f8efdd7054"
          ],
          "failures": [
            "c8236c11-0b0d-4458-82a0-70dd960727d7"
          ],
          "pending": [],
          "skipped": [],
          "duration": 70431,
          "root": false,
          "rootEmpty": false,
          "_timeout": 2000
        }
      ],
      "passes": [],
      "failures": [],
      "pending": [],
      "skipped": [],
      "duration": 0,
      "root": true,
      "rootEmpty": true,
      "_timeout": 2000
    }
  ],
  "meta": {
    "mocha": {
      "version": "7.0.1"
    },
    "mochawesome": {
      "options": {
        "quiet": false,
        "reportFilename": "mochawesome",
        "saveHtml": true,
        "saveJson": true,
        "consoleReporter": "spec",
        "useInlineDiffs": false,
        "code": true
      },
      "version": "7.1.3"
    },
    "marge": {
      "options": {
        "reportDir": "cypress/reports",
        "overwrite": false,
        "html": true,
        "json": true
      },
      "version": "6.2.0"
    }
  }
}