{
  "stats": {
    "suites": 1,
    "tests": 15,
    "passes": 15,
    "pending": 0,
    "failures": 0,
    "start": "2024-10-13T01:42:15.395Z",
    "end": "2024-10-13T01:43:29.651Z",
    "duration": 74256,
    "testsRegistered": 15,
    "passPercent": 100,
    "pendingPercent": 0,
    "other": 0,
    "hasOther": false,
    "skipped": 0,
    "hasSkipped": false
  },
  "results": [
    {
      "uuid": "49b62f60-f02b-4d88-b458-000b07c32b1a",
      "title": "",
      "fullFile": "cypress\\e2e\\notes.cy.js",
      "file": "cypress\\e2e\\notes.cy.js",
      "beforeHooks": [],
      "afterHooks": [],
      "tests": [],
      "suites": [
        {
          "uuid": "026a6bdb-2d7a-4abd-ad06-f9751938c47e",
          "title": "Operações CRUD de Notas e Validações de Erros",
          "fullFile": "",
          "file": "",
          "beforeHooks": [],
          "afterHooks": [],
          "tests": [
            {
              "title": "Deve cancelar criação de nota pelo botão",
              "fullTitle": "Operações CRUD de Notas e Validações de Erros Deve cancelar criação de nota pelo botão",
              "timedOut": null,
              "duration": 4867,
              "state": "passed",
              "speed": "fast",
              "pass": true,
              "fail": false,
              "pending": false,
              "context": null,
              "code": "cy.intercept('POST', `${Cypress.env('apiUrl')}/notes`).as('createNote');\ncy.get('[data-testid=\"add-new-note\"]').click();\ncy.get('[data-testid=\"note-title\"]').type('Minha Nova Nota');\ncy.get('[data-testid=\"note-description\"]').type('Conteúdo da nota criada via frontend.');\ncy.get('[data-testid=\"note-cancel\"]').click();",
              "err": {},
              "uuid": "64c1fbc9-7975-4b57-9152-1133927db17f",
              "parentUUID": "026a6bdb-2d7a-4abd-ad06-f9751938c47e",
              "isHook": false,
              "skipped": false
            },
            {
              "title": "Deve criar uma nova nota com sucesso (Frontend e API)",
              "fullTitle": "Operações CRUD de Notas e Validações de Erros Deve criar uma nova nota com sucesso (Frontend e API)",
              "timedOut": null,
              "duration": 4377,
              "state": "passed",
              "speed": "fast",
              "pass": true,
              "fail": false,
              "pending": false,
              "context": null,
              "code": "cy.intercept('POST', `${Cypress.env('apiUrl')}/notes`).as('createNote');\ncy.get('[data-testid=\"add-new-note\"]').click();\ncy.selectOption('select[name=\"category\"]', 'Work');\ncy.get('[data-testid=\"note-title\"]').type('Minha Nova Nota');\ncy.get('[data-testid=\"note-description\"]').type('Conteúdo da nota criada via frontend.');\ncy.get('[data-testid=\"note-submit\"]').click();\ncy.wait('@createNote').its('response.statusCode').should('eq', 200);\ncy.get('div#root').should('contain', 'Minha Nova Nota');",
              "err": {},
              "uuid": "0cd7078b-1201-4610-b95f-656ccb9904f1",
              "parentUUID": "026a6bdb-2d7a-4abd-ad06-f9751938c47e",
              "isHook": false,
              "skipped": false
            },
            {
              "title": "Deve exibir mensagem de erro ao tentar criar uma nota sem título",
              "fullTitle": "Operações CRUD de Notas e Validações de Erros Deve exibir mensagem de erro ao tentar criar uma nota sem título",
              "timedOut": null,
              "duration": 3790,
              "state": "passed",
              "speed": "fast",
              "pass": true,
              "fail": false,
              "pending": false,
              "context": null,
              "code": "cy.get('[data-testid=\"add-new-note\"]').click();\ncy.get('[data-testid=\"note-description\"]').type('Tentando criar uma nota sem título.');\ncy.get('[data-testid=\"note-submit\"]').click();\ncy.get('.invalid-feedback').should('be.visible');",
              "err": {},
              "uuid": "ae57ce94-9663-42dd-96e6-ec8348df4e20",
              "parentUUID": "026a6bdb-2d7a-4abd-ad06-f9751938c47e",
              "isHook": false,
              "skipped": false
            },
            {
              "title": "Deve exibir mensagem de erro ao tentar criar uma nota sem body",
              "fullTitle": "Operações CRUD de Notas e Validações de Erros Deve exibir mensagem de erro ao tentar criar uma nota sem body",
              "timedOut": null,
              "duration": 3716,
              "state": "passed",
              "speed": "fast",
              "pass": true,
              "fail": false,
              "pending": false,
              "context": null,
              "code": "cy.get('[data-testid=\"add-new-note\"]').click();\ncy.get('[data-testid=\"note-title\"]').type('Minha Nova Nota');\ncy.get('[data-testid=\"note-submit\"]').click();\ncy.get('.invalid-feedback').should('be.visible');",
              "err": {},
              "uuid": "38afc186-7ac1-4e53-8c7f-d02d86958ab8",
              "parentUUID": "026a6bdb-2d7a-4abd-ad06-f9751938c47e",
              "isHook": false,
              "skipped": false
            },
            {
              "title": "Deve editar uma nota existente com sucesso",
              "fullTitle": "Operações CRUD de Notas e Validações de Erros Deve editar uma nota existente com sucesso",
              "timedOut": null,
              "duration": 4442,
              "state": "passed",
              "speed": "fast",
              "pass": true,
              "fail": false,
              "pending": false,
              "context": null,
              "code": "cy.intercept('PUT', `${Cypress.env('apiUrl')}/notes/*`).as('editNote');\ncy.get('[data-testid=\"note-edit\"]').first().click();\ncy.get('[data-testid=\"note-title\"]').clear().type('Nota Editada');\ncy.get('[data-testid=\"note-description\"]').clear().type('Conteúdo da nota editada.');\ncy.get('[data-testid=\"note-submit\"]').click();\ncy.wait('@editNote').its('response.statusCode').should('eq', 200);\ncy.get('div#root').should('contain', 'Nota Editada');",
              "err": {},
              "uuid": "0400a1cf-1346-4f81-9ce9-4d22b2ebd0a6",
              "parentUUID": "026a6bdb-2d7a-4abd-ad06-f9751938c47e",
              "isHook": false,
              "skipped": false
            },
            {
              "title": "Deve editar a categoria de uma nota existente com sucesso",
              "fullTitle": "Operações CRUD de Notas e Validações de Erros Deve editar a categoria de uma nota existente com sucesso",
              "timedOut": null,
              "duration": 3824,
              "state": "passed",
              "speed": "fast",
              "pass": true,
              "fail": false,
              "pending": false,
              "context": null,
              "code": "cy.intercept('PUT', `${Cypress.env('apiUrl')}/notes/*`).as('editNote');\ncy.get('[data-testid=\"note-edit\"]').first().click();\ncy.selectOption('select[name=\"category\"]', 'Home');\ncy.get('[data-testid=\"note-submit\"]').click();\ncy.wait('@editNote').its('response.statusCode').should('eq', 200);\ncy.get('div#root').should('contain', 'Nota Editada');",
              "err": {},
              "uuid": "076e5d98-c73a-40c1-967a-3e9361fcd679",
              "parentUUID": "026a6bdb-2d7a-4abd-ad06-f9751938c47e",
              "isHook": false,
              "skipped": false
            },
            {
              "title": "Deve checkar uma nota pelo dashboard com sucesso",
              "fullTitle": "Operações CRUD de Notas e Validações de Erros Deve checkar uma nota pelo dashboard com sucesso",
              "timedOut": null,
              "duration": 3613,
              "state": "passed",
              "speed": "fast",
              "pass": true,
              "fail": false,
              "pending": false,
              "context": null,
              "code": "cy.intercept('PATCH', `${Cypress.env('apiUrl')}/notes/*`).as('checkNote');\ncy.get('[data-testid=\"toggle-note-switch\"]').first().click();\ncy.get('[data-testid=\"toggle-note-switch\"]').should('be.checked');\ncy.wait('@checkNote').its('response.statusCode').should('eq', 200);",
              "err": {},
              "uuid": "3bf4246d-b761-48d0-b397-19a63cd6892c",
              "parentUUID": "026a6bdb-2d7a-4abd-ad06-f9751938c47e",
              "isHook": false,
              "skipped": false
            },
            {
              "title": "Deve descheckar uma nota pelo dashboard com sucesso",
              "fullTitle": "Operações CRUD de Notas e Validações de Erros Deve descheckar uma nota pelo dashboard com sucesso",
              "timedOut": null,
              "duration": 2697,
              "state": "passed",
              "speed": "fast",
              "pass": true,
              "fail": false,
              "pending": false,
              "context": null,
              "code": "cy.intercept('PATCH', `${Cypress.env('apiUrl')}/notes/*`).as('checkNote');\ncy.get('[data-testid=\"toggle-note-switch\"]:checked').first().click();\ncy.get('[data-testid=\"toggle-note-switch\"]:checked').should('not.exist');",
              "err": {},
              "uuid": "d9113cff-277a-4f85-8e93-4efc53962555",
              "parentUUID": "026a6bdb-2d7a-4abd-ad06-f9751938c47e",
              "isHook": false,
              "skipped": false
            },
            {
              "title": "Deve checkar uma nota pelo card com sucesso",
              "fullTitle": "Operações CRUD de Notas e Validações de Erros Deve checkar uma nota pelo card com sucesso",
              "timedOut": null,
              "duration": 3527,
              "state": "passed",
              "speed": "fast",
              "pass": true,
              "fail": false,
              "pending": false,
              "context": null,
              "code": "cy.intercept('PUT', `${Cypress.env('apiUrl')}/notes/*`).as('checkNote');\ncy.get('[data-testid=\"note-edit\"]').first().click();\ncy.get('[data-testid=\"note-completed\"]').click();\ncy.get('[data-testid=\"note-submit\"]').click();\ncy.get('[data-testid=\"toggle-note-switch\"]').should('be.checked');\ncy.wait('@checkNote').its('response.statusCode').should('eq', 200);",
              "err": {},
              "uuid": "6583ff16-a081-4275-9a5e-57d49349fda8",
              "parentUUID": "026a6bdb-2d7a-4abd-ad06-f9751938c47e",
              "isHook": false,
              "skipped": false
            },
            {
              "title": "Deve filtrar as notas pela categoria Work",
              "fullTitle": "Operações CRUD de Notas e Validações de Erros Deve filtrar as notas pela categoria Work",
              "timedOut": null,
              "duration": 3100,
              "state": "passed",
              "speed": "fast",
              "pass": true,
              "fail": false,
              "pending": false,
              "context": null,
              "code": "cy.get('[data-testid=\"category-home\"]').click();\ncy.get('div[data-testid=\"note-card\"]').each($el => {\n  cy.wrap($el).should('contain', 'Nota Editada');\n});",
              "err": {},
              "uuid": "a048ebc2-58a8-4b7a-90f0-87d6440a615e",
              "parentUUID": "026a6bdb-2d7a-4abd-ad06-f9751938c47e",
              "isHook": false,
              "skipped": false
            },
            {
              "title": "Deve filtrar as notas pelo título",
              "fullTitle": "Operações CRUD de Notas e Validações de Erros Deve filtrar as notas pelo título",
              "timedOut": null,
              "duration": 4479,
              "state": "passed",
              "speed": "fast",
              "pass": true,
              "fail": false,
              "pending": false,
              "context": null,
              "code": "cy.get('[data-testid=\"search-input\"]').type('Nota editada');\ncy.get('[data-testid=\"search-btn\"]').click();\ncy.get('div#root').should('contain', 'Nota Editada');",
              "err": {},
              "uuid": "98c8aa59-5fb7-4365-b9fa-916a0e590072",
              "parentUUID": "026a6bdb-2d7a-4abd-ad06-f9751938c47e",
              "isHook": false,
              "skipped": false
            },
            {
              "title": "Deve cancelar a exclusão de uma nota com sucesso",
              "fullTitle": "Operações CRUD de Notas e Validações de Erros Deve cancelar a exclusão de uma nota com sucesso",
              "timedOut": null,
              "duration": 3227,
              "state": "passed",
              "speed": "fast",
              "pass": true,
              "fail": false,
              "pending": false,
              "context": null,
              "code": "cy.intercept('DELETE', `${Cypress.env('apiUrl')}/notes/*`).as('deleteNote');\ncy.get('[data-testid=\"note-delete\"]').first().click();\ncy.get('[data-testid=\"note-delete-cancel-2\"]').click();",
              "err": {},
              "uuid": "7219b9ae-a2c6-493b-8d83-c1ddfb71f803",
              "parentUUID": "026a6bdb-2d7a-4abd-ad06-f9751938c47e",
              "isHook": false,
              "skipped": false
            },
            {
              "title": "Deve excluir de uma nota com sucesso",
              "fullTitle": "Operações CRUD de Notas e Validações de Erros Deve excluir de uma nota com sucesso",
              "timedOut": null,
              "duration": 3604,
              "state": "passed",
              "speed": "fast",
              "pass": true,
              "fail": false,
              "pending": false,
              "context": null,
              "code": "cy.intercept('DELETE', `${Cypress.env('apiUrl')}/notes/*`).as('deleteNote');\ncy.get('[data-testid=\"note-delete\"]').first().click();\ncy.get('[data-testid=\"note-delete-confirm\"]').click();\ncy.wait('@deleteNote').its('response.statusCode').should('eq', 200);\ncy.get('div#root').should('not.contain', 'Nota Editada');",
              "err": {},
              "uuid": "d179b5da-b595-41e3-a792-fd5f4db725ba",
              "parentUUID": "026a6bdb-2d7a-4abd-ad06-f9751938c47e",
              "isHook": false,
              "skipped": false
            },
            {
              "title": "Deve ser possível cadastrar notas sem limite de unidades",
              "fullTitle": "Operações CRUD de Notas e Validações de Erros Deve ser possível cadastrar notas sem limite de unidades",
              "timedOut": null,
              "duration": 12269,
              "state": "passed",
              "speed": "slow",
              "pass": true,
              "fail": false,
              "pending": false,
              "context": null,
              "code": "for (let i = 0; i < 10; i++) {\n  cy.intercept('POST', `${Cypress.env('apiUrl')}/notes`).as('createNote');\n  cy.get('[data-testid=\"add-new-note\"]').click();\n  cy.get('[data-testid=\"note-title\"]').type(`Nota ${i}`);\n  cy.get('[data-testid=\"note-description\"]').type('Conteúdo da nota');\n  cy.get('[data-testid=\"note-submit\"]').click();\n  cy.wait('@createNote').its('response.statusCode').should('eq', 200);\n}\ncy.get('div[data-testid=\"note-card\"]').should('have.length', 10);",
              "err": {},
              "uuid": "03b5a90d-9e50-443c-ba88-f1344e972fb0",
              "parentUUID": "026a6bdb-2d7a-4abd-ad06-f9751938c47e",
              "isHook": false,
              "skipped": false
            },
            {
              "title": "Deve lidar com erro da API ao tentar criar uma nota",
              "fullTitle": "Operações CRUD de Notas e Validações de Erros Deve lidar com erro da API ao tentar criar uma nota",
              "timedOut": null,
              "duration": 6036,
              "state": "passed",
              "speed": "medium",
              "pass": true,
              "fail": false,
              "pending": false,
              "context": null,
              "code": "cy.intercept({\n  method: 'POST',\n  url: `${Cypress.env('apiUrl')}/notes`\n}, {\n  statusCode: 500,\n  body: {\n    message: 'Erro interno no servidor'\n  }\n}).as('createNoteError');\ncy.get('[data-testid=\"add-new-note\"]').click();\ncy.get('[data-testid=\"note-title\"]').type('Nota Teste com Erro de API');\ncy.get('[data-testid=\"note-description\"]').type('Tentando criar uma nota com erro de API.');\ncy.get('[data-testid=\"note-submit\"]').click();\ncy.wait('@createNoteError').its('response.statusCode').should('eq', 500);\ncy.get('[data-testid=\"note-cancel\"]').click();",
              "err": {},
              "uuid": "1e3cf9d4-b995-4ec3-962d-73e9c5ed9166",
              "parentUUID": "026a6bdb-2d7a-4abd-ad06-f9751938c47e",
              "isHook": false,
              "skipped": false
            }
          ],
          "suites": [],
          "passes": [
            "64c1fbc9-7975-4b57-9152-1133927db17f",
            "0cd7078b-1201-4610-b95f-656ccb9904f1",
            "ae57ce94-9663-42dd-96e6-ec8348df4e20",
            "38afc186-7ac1-4e53-8c7f-d02d86958ab8",
            "0400a1cf-1346-4f81-9ce9-4d22b2ebd0a6",
            "076e5d98-c73a-40c1-967a-3e9361fcd679",
            "3bf4246d-b761-48d0-b397-19a63cd6892c",
            "d9113cff-277a-4f85-8e93-4efc53962555",
            "6583ff16-a081-4275-9a5e-57d49349fda8",
            "a048ebc2-58a8-4b7a-90f0-87d6440a615e",
            "98c8aa59-5fb7-4365-b9fa-916a0e590072",
            "7219b9ae-a2c6-493b-8d83-c1ddfb71f803",
            "d179b5da-b595-41e3-a792-fd5f4db725ba",
            "03b5a90d-9e50-443c-ba88-f1344e972fb0",
            "1e3cf9d4-b995-4ec3-962d-73e9c5ed9166"
          ],
          "failures": [],
          "pending": [],
          "skipped": [],
          "duration": 67568,
          "root": false,
          "rootEmpty": false,
          "_timeout": 2000
        }
      ],
      "passes": [],
      "failures": [],
      "pending": [],
      "skipped": [],
      "duration": 0,
      "root": true,
      "rootEmpty": true,
      "_timeout": 2000
    }
  ],
  "meta": {
    "mocha": {
      "version": "7.0.1"
    },
    "mochawesome": {
      "options": {
        "quiet": false,
        "reportFilename": "mochawesome",
        "saveHtml": true,
        "saveJson": true,
        "consoleReporter": "spec",
        "useInlineDiffs": false,
        "code": true
      },
      "version": "7.1.3"
    },
    "marge": {
      "options": {
        "reportDir": "cypress/reports",
        "overwrite": false,
        "html": true,
        "json": true
      },
      "version": "6.2.0"
    }
  }
}