{
  "stats": {
    "suites": 1,
    "tests": 15,
    "passes": 15,
    "pending": 0,
    "failures": 0,
    "start": "2024-10-13T01:02:03.748Z",
    "end": "2024-10-13T01:04:58.091Z",
    "duration": 174343,
    "testsRegistered": 15,
    "passPercent": 100,
    "pendingPercent": 0,
    "other": 0,
    "hasOther": false,
    "skipped": 0,
    "hasSkipped": false
  },
  "results": [
    {
      "uuid": "52529523-5edc-4b03-84dd-d0fc9f82b30f",
      "title": "",
      "fullFile": "cypress\\e2e\\notes.cy.js",
      "file": "cypress\\e2e\\notes.cy.js",
      "beforeHooks": [],
      "afterHooks": [],
      "tests": [],
      "suites": [
        {
          "uuid": "23f06c24-b5e5-4dac-bc57-c16fbd767749",
          "title": "Operações CRUD de Notas e Validações de Erros",
          "fullFile": "",
          "file": "",
          "beforeHooks": [],
          "afterHooks": [],
          "tests": [
            {
              "title": "Deve cancelar criação de nota pelo botão",
              "fullTitle": "Operações CRUD de Notas e Validações de Erros Deve cancelar criação de nota pelo botão",
              "timedOut": null,
              "duration": 4486,
              "state": "passed",
              "speed": "fast",
              "pass": true,
              "fail": false,
              "pending": false,
              "context": null,
              "code": "cy.intercept('POST', `${Cypress.env('apiUrl')}/notes`).as('createNote');\ncy.get('[data-testid=\"add-new-note\"]').click();\ncy.get('[data-testid=\"note-title\"]').type('Minha Nova Nota');\ncy.get('[data-testid=\"note-description\"]').type('Conteúdo da nota criada via frontend.');\ncy.get('[data-testid=\"note-cancel\"]').click();",
              "err": {},
              "uuid": "72bfbf42-9660-4bf2-8d99-812453299421",
              "parentUUID": "23f06c24-b5e5-4dac-bc57-c16fbd767749",
              "isHook": false,
              "skipped": false
            },
            {
              "title": "Deve criar uma nova nota com sucesso (Frontend e API)",
              "fullTitle": "Operações CRUD de Notas e Validações de Erros Deve criar uma nova nota com sucesso (Frontend e API)",
              "timedOut": null,
              "duration": 6822,
              "state": "passed",
              "speed": "medium",
              "pass": true,
              "fail": false,
              "pending": false,
              "context": null,
              "code": "cy.intercept('POST', `${Cypress.env('apiUrl')}/notes`).as('createNote');\ncy.get('[data-testid=\"add-new-note\"]').click();\ncy.selectOption('select[name=\"category\"]', 'Work');\ncy.get('[data-testid=\"note-title\"]').type('Minha Nova Nota');\ncy.get('[data-testid=\"note-description\"]').type('Conteúdo da nota criada via frontend.');\ncy.get('[data-testid=\"note-submit\"]').click();\ncy.wait('@createNote').its('response.statusCode').should('eq', 200);\ncy.get('div#root').should('contain', 'Minha Nova Nota');",
              "err": {},
              "uuid": "538821d4-9628-4aa0-8037-e86ed25cff99",
              "parentUUID": "23f06c24-b5e5-4dac-bc57-c16fbd767749",
              "isHook": false,
              "skipped": false
            },
            {
              "title": "Deve exibir mensagem de erro ao tentar criar uma nota sem título",
              "fullTitle": "Operações CRUD de Notas e Validações de Erros Deve exibir mensagem de erro ao tentar criar uma nota sem título",
              "timedOut": null,
              "duration": 4941,
              "state": "passed",
              "speed": "fast",
              "pass": true,
              "fail": false,
              "pending": false,
              "context": null,
              "code": "cy.get('[data-testid=\"add-new-note\"]').click();\ncy.get('[data-testid=\"note-description\"]').type('Tentando criar uma nota sem título.');\ncy.get('[data-testid=\"note-submit\"]').click();\ncy.get('.invalid-feedback').should('be.visible');",
              "err": {},
              "uuid": "66f7639e-d14d-4430-bf01-304b18f01782",
              "parentUUID": "23f06c24-b5e5-4dac-bc57-c16fbd767749",
              "isHook": false,
              "skipped": false
            },
            {
              "title": "Deve exibir mensagem de erro ao tentar criar uma nota sem body",
              "fullTitle": "Operações CRUD de Notas e Validações de Erros Deve exibir mensagem de erro ao tentar criar uma nota sem body",
              "timedOut": null,
              "duration": 4411,
              "state": "passed",
              "speed": "fast",
              "pass": true,
              "fail": false,
              "pending": false,
              "context": null,
              "code": "cy.get('[data-testid=\"add-new-note\"]').click();\ncy.get('[data-testid=\"note-title\"]').type('Minha Nova Nota');\ncy.get('[data-testid=\"note-submit\"]').click();\ncy.get('.invalid-feedback').should('be.visible');",
              "err": {},
              "uuid": "0e562f7c-b973-4978-b585-8bb937ffc2d7",
              "parentUUID": "23f06c24-b5e5-4dac-bc57-c16fbd767749",
              "isHook": false,
              "skipped": false
            },
            {
              "title": "Deve editar uma nota existente com sucesso",
              "fullTitle": "Operações CRUD de Notas e Validações de Erros Deve editar uma nota existente com sucesso",
              "timedOut": null,
              "duration": 5498,
              "state": "passed",
              "speed": "medium",
              "pass": true,
              "fail": false,
              "pending": false,
              "context": null,
              "code": "cy.intercept('PUT', `${Cypress.env('apiUrl')}/notes/*`).as('editNote');\ncy.get('[data-testid=\"note-edit\"]').first().click();\ncy.get('[data-testid=\"note-title\"]').clear().type('Nota Editada');\ncy.get('[data-testid=\"note-description\"]').clear().type('Conteúdo da nota editada.');\ncy.get('[data-testid=\"note-submit\"]').click();\ncy.wait('@editNote').its('response.statusCode').should('eq', 200);\ncy.get('div#root').should('contain', 'Nota Editada');",
              "err": {},
              "uuid": "f11bd6d9-86bb-4548-8fa7-229bc1f76f64",
              "parentUUID": "23f06c24-b5e5-4dac-bc57-c16fbd767749",
              "isHook": false,
              "skipped": false
            },
            {
              "title": "Deve editar a categoria de uma nota existente com sucesso",
              "fullTitle": "Operações CRUD de Notas e Validações de Erros Deve editar a categoria de uma nota existente com sucesso",
              "timedOut": null,
              "duration": 4474,
              "state": "passed",
              "speed": "fast",
              "pass": true,
              "fail": false,
              "pending": false,
              "context": null,
              "code": "cy.intercept('PUT', `${Cypress.env('apiUrl')}/notes/*`).as('editNote');\ncy.get('[data-testid=\"note-edit\"]').first().click();\ncy.selectOption('select[name=\"category\"]', 'Home');\ncy.get('[data-testid=\"note-submit\"]').click();\ncy.wait('@editNote').its('response.statusCode').should('eq', 200);\ncy.get('div#root').should('contain', 'Nota Editada');",
              "err": {},
              "uuid": "6e3bb476-0571-47be-974e-02578189b7a8",
              "parentUUID": "23f06c24-b5e5-4dac-bc57-c16fbd767749",
              "isHook": false,
              "skipped": false
            },
            {
              "title": "Deve checkar uma nota pelo dashboard com sucesso",
              "fullTitle": "Operações CRUD de Notas e Validações de Erros Deve checkar uma nota pelo dashboard com sucesso",
              "timedOut": null,
              "duration": 3497,
              "state": "passed",
              "speed": "fast",
              "pass": true,
              "fail": false,
              "pending": false,
              "context": null,
              "code": "cy.intercept('PATCH', `${Cypress.env('apiUrl')}/notes/*`).as('checkNote');\ncy.get('[data-testid=\"toggle-note-switch\"]').first().click();\ncy.get('[data-testid=\"toggle-note-switch\"]').should('be.checked');\ncy.wait('@checkNote').its('response.statusCode').should('eq', 200);",
              "err": {},
              "uuid": "4f018ec3-8f44-4be4-9d56-ddb92ae339c5",
              "parentUUID": "23f06c24-b5e5-4dac-bc57-c16fbd767749",
              "isHook": false,
              "skipped": false
            },
            {
              "title": "Deve descheckar uma nota pelo dashboard com sucesso",
              "fullTitle": "Operações CRUD de Notas e Validações de Erros Deve descheckar uma nota pelo dashboard com sucesso",
              "timedOut": null,
              "duration": 3854,
              "state": "passed",
              "speed": "fast",
              "pass": true,
              "fail": false,
              "pending": false,
              "context": null,
              "code": "cy.intercept('PATCH', `${Cypress.env('apiUrl')}/notes/*`).as('checkNote');\ncy.get('[data-testid=\"toggle-note-switch\"]:checked').first().click();\ncy.get('[data-testid=\"toggle-note-switch\"]:checked').should('not.exist');",
              "err": {},
              "uuid": "dd79c336-c871-4c7a-b275-d849691f4c2f",
              "parentUUID": "23f06c24-b5e5-4dac-bc57-c16fbd767749",
              "isHook": false,
              "skipped": false
            },
            {
              "title": "Deve checkar uma nota pelo card com sucesso",
              "fullTitle": "Operações CRUD de Notas e Validações de Erros Deve checkar uma nota pelo card com sucesso",
              "timedOut": null,
              "duration": 3857,
              "state": "passed",
              "speed": "fast",
              "pass": true,
              "fail": false,
              "pending": false,
              "context": null,
              "code": "cy.intercept('PUT', `${Cypress.env('apiUrl')}/notes/*`).as('checkNote');\ncy.get('[data-testid=\"note-edit\"]').first().click();\ncy.get('[data-testid=\"note-completed\"]').click();\ncy.get('[data-testid=\"note-submit\"]').click();\ncy.get('[data-testid=\"toggle-note-switch\"]').should('be.checked');\ncy.wait('@checkNote').its('response.statusCode').should('eq', 200);",
              "err": {},
              "uuid": "c3cfe17d-8692-4a9f-b11b-d5e4c21bb7b8",
              "parentUUID": "23f06c24-b5e5-4dac-bc57-c16fbd767749",
              "isHook": false,
              "skipped": false
            },
            {
              "title": "Deve filtrar as notas pela categoria Work",
              "fullTitle": "Operações CRUD de Notas e Validações de Erros Deve filtrar as notas pela categoria Work",
              "timedOut": null,
              "duration": 3425,
              "state": "passed",
              "speed": "fast",
              "pass": true,
              "fail": false,
              "pending": false,
              "context": null,
              "code": "cy.get('[data-testid=\"category-home\"]').click();\ncy.get('div[data-testid=\"note-card\"]').each($el => {\n  cy.wrap($el).should('contain', 'Nota Editada');\n});",
              "err": {},
              "uuid": "dcc06733-ab3d-48cf-bb11-f03718daee0c",
              "parentUUID": "23f06c24-b5e5-4dac-bc57-c16fbd767749",
              "isHook": false,
              "skipped": false
            },
            {
              "title": "Deve filtrar as notas pelo título",
              "fullTitle": "Operações CRUD de Notas e Validações de Erros Deve filtrar as notas pelo título",
              "timedOut": null,
              "duration": 6522,
              "state": "passed",
              "speed": "medium",
              "pass": true,
              "fail": false,
              "pending": false,
              "context": null,
              "code": "cy.get('[data-testid=\"search-input\"]').type('Nota editada');\ncy.get('[data-testid=\"search-btn\"]').click();\ncy.get('div#root').should('contain', 'Nota Editada');",
              "err": {},
              "uuid": "0eda39c0-c757-4f6e-8d2f-2a4b0ce94437",
              "parentUUID": "23f06c24-b5e5-4dac-bc57-c16fbd767749",
              "isHook": false,
              "skipped": false
            },
            {
              "title": "Deve cancelar a exclusão de uma nota com sucesso",
              "fullTitle": "Operações CRUD de Notas e Validações de Erros Deve cancelar a exclusão de uma nota com sucesso",
              "timedOut": null,
              "duration": 3755,
              "state": "passed",
              "speed": "fast",
              "pass": true,
              "fail": false,
              "pending": false,
              "context": null,
              "code": "cy.intercept('DELETE', `${Cypress.env('apiUrl')}/notes/*`).as('deleteNote');\ncy.get('[data-testid=\"note-delete\"]').first().click();\ncy.get('[data-testid=\"note-delete-cancel-2\"]').click();",
              "err": {},
              "uuid": "838f486f-12a0-4273-8a25-2c636f9dd2b0",
              "parentUUID": "23f06c24-b5e5-4dac-bc57-c16fbd767749",
              "isHook": false,
              "skipped": false
            },
            {
              "title": "Deve excluir de uma nota com sucesso",
              "fullTitle": "Operações CRUD de Notas e Validações de Erros Deve excluir de uma nota com sucesso",
              "timedOut": null,
              "duration": 3906,
              "state": "passed",
              "speed": "fast",
              "pass": true,
              "fail": false,
              "pending": false,
              "context": null,
              "code": "cy.intercept('DELETE', `${Cypress.env('apiUrl')}/notes/*`).as('deleteNote');\ncy.get('[data-testid=\"note-delete\"]').first().click();\ncy.get('[data-testid=\"note-delete-confirm\"]').click();\ncy.wait('@deleteNote').its('response.statusCode').should('eq', 200);\ncy.get('div#root').should('not.contain', 'Nota Editada');",
              "err": {},
              "uuid": "a1baaa1b-e03f-440b-8485-f18aa6890ce0",
              "parentUUID": "23f06c24-b5e5-4dac-bc57-c16fbd767749",
              "isHook": false,
              "skipped": false
            },
            {
              "title": "Deve ser possível cadastrar notas sem limite de unidades",
              "fullTitle": "Operações CRUD de Notas e Validações de Erros Deve ser possível cadastrar notas sem limite de unidades",
              "timedOut": null,
              "duration": 106738,
              "state": "passed",
              "speed": "slow",
              "pass": true,
              "fail": false,
              "pending": false,
              "context": null,
              "code": "for (let i = 0; i < 50; i++) {\n  cy.intercept('POST', `${Cypress.env('apiUrl')}/notes`).as('createNote');\n  cy.get('[data-testid=\"add-new-note\"]').click();\n  cy.get('[data-testid=\"note-title\"]').type(`Nota ${i}`);\n  cy.get('[data-testid=\"note-description\"]').type('Conteúdo da nota');\n  cy.get('[data-testid=\"note-submit\"]').click();\n  cy.wait('@createNote').its('response.statusCode').should('eq', 200);\n}\ncy.get('div[data-testid=\"note-card\"]').should('have.length', 50);",
              "err": {},
              "uuid": "35aeb579-9e27-4979-a2e9-4ff72795733f",
              "parentUUID": "23f06c24-b5e5-4dac-bc57-c16fbd767749",
              "isHook": false,
              "skipped": false
            },
            {
              "title": "Deve lidar com erro da API ao tentar criar uma nota",
              "fullTitle": "Operações CRUD de Notas e Validações de Erros Deve lidar com erro da API ao tentar criar uma nota",
              "timedOut": null,
              "duration": 6288,
              "state": "passed",
              "speed": "medium",
              "pass": true,
              "fail": false,
              "pending": false,
              "context": null,
              "code": "cy.intercept({\n  method: 'POST',\n  url: `${Cypress.env('apiUrl')}/notes`\n}, {\n  statusCode: 500,\n  body: {\n    message: 'Erro interno no servidor'\n  }\n}).as('createNoteError');\ncy.get('[data-testid=\"add-new-note\"]').click();\ncy.get('[data-testid=\"note-title\"]').type('Nota Teste com Erro de API');\ncy.get('[data-testid=\"note-description\"]').type('Tentando criar uma nota com erro de API.');\ncy.get('[data-testid=\"note-submit\"]').click();\ncy.wait('@createNoteError').its('response.statusCode').should('eq', 500);",
              "err": {},
              "uuid": "66cb2bd6-6e53-4b0d-befa-d803189a2966",
              "parentUUID": "23f06c24-b5e5-4dac-bc57-c16fbd767749",
              "isHook": false,
              "skipped": false
            }
          ],
          "suites": [],
          "passes": [
            "72bfbf42-9660-4bf2-8d99-812453299421",
            "538821d4-9628-4aa0-8037-e86ed25cff99",
            "66f7639e-d14d-4430-bf01-304b18f01782",
            "0e562f7c-b973-4978-b585-8bb937ffc2d7",
            "f11bd6d9-86bb-4548-8fa7-229bc1f76f64",
            "6e3bb476-0571-47be-974e-02578189b7a8",
            "4f018ec3-8f44-4be4-9d56-ddb92ae339c5",
            "dd79c336-c871-4c7a-b275-d849691f4c2f",
            "c3cfe17d-8692-4a9f-b11b-d5e4c21bb7b8",
            "dcc06733-ab3d-48cf-bb11-f03718daee0c",
            "0eda39c0-c757-4f6e-8d2f-2a4b0ce94437",
            "838f486f-12a0-4273-8a25-2c636f9dd2b0",
            "a1baaa1b-e03f-440b-8485-f18aa6890ce0",
            "35aeb579-9e27-4979-a2e9-4ff72795733f",
            "66cb2bd6-6e53-4b0d-befa-d803189a2966"
          ],
          "failures": [],
          "pending": [],
          "skipped": [],
          "duration": 172474,
          "root": false,
          "rootEmpty": false,
          "_timeout": 2000
        }
      ],
      "passes": [],
      "failures": [],
      "pending": [],
      "skipped": [],
      "duration": 0,
      "root": true,
      "rootEmpty": true,
      "_timeout": 2000
    }
  ],
  "meta": {
    "mocha": {
      "version": "7.0.1"
    },
    "mochawesome": {
      "options": {
        "quiet": false,
        "reportFilename": "mochawesome",
        "saveHtml": true,
        "saveJson": true,
        "consoleReporter": "spec",
        "useInlineDiffs": false,
        "code": true
      },
      "version": "7.1.3"
    },
    "marge": {
      "options": {
        "reportDir": "cypress/reports",
        "overwrite": false,
        "html": true,
        "json": true
      },
      "version": "6.2.0"
    }
  }
}