{
  "stats": {
    "suites": 1,
    "tests": 7,
    "passes": 7,
    "pending": 0,
    "failures": 0,
    "start": "2024-10-13T01:08:43.354Z",
    "end": "2024-10-13T01:09:07.777Z",
    "duration": 24423,
    "testsRegistered": 7,
    "passPercent": 100,
    "pendingPercent": 0,
    "other": 0,
    "hasOther": false,
    "skipped": 0,
    "hasSkipped": false
  },
  "results": [
    {
      "uuid": "8ed8ebdd-a168-4dc0-9b10-77ceb32e925c",
      "title": "",
      "fullFile": "cypress\\e2e\\autenticacao.cy.js",
      "file": "cypress\\e2e\\autenticacao.cy.js",
      "beforeHooks": [],
      "afterHooks": [],
      "tests": [],
      "suites": [
        {
          "uuid": "1a41c3ab-f1bc-4151-a185-468dca027cbc",
          "title": "Validação de Autenticação e Teste de Credenciais de Usuário",
          "fullFile": "",
          "file": "",
          "beforeHooks": [],
          "afterHooks": [],
          "tests": [
            {
              "title": "Deve autenticar o usuário com credenciais válidas",
              "fullTitle": "Validação de Autenticação e Teste de Credenciais de Usuário Deve autenticar o usuário com credenciais válidas",
              "timedOut": null,
              "duration": 5616,
              "state": "passed",
              "speed": "medium",
              "pass": true,
              "fail": false,
              "pending": false,
              "context": null,
              "code": "cy.intercept('POST', `${Cypress.env('apiUrl')}/users/login`).as('loginRequest');\ncy.visit('/notes/app');\ncy.get('input[name=\"email\"]').type(Cypress.env('email'));\ncy.get('input[name=\"password\"]').type(Cypress.env('password'));\ncy.get('button[type=\"submit\"]').click();\ncy.wait('@loginRequest').its('response.statusCode').should('eq', 200);",
              "err": {},
              "uuid": "517c7b79-1e69-4d34-a393-40ff27ded2cd",
              "parentUUID": "1a41c3ab-f1bc-4151-a185-468dca027cbc",
              "isHook": false,
              "skipped": false
            },
            {
              "title": "Deve exibir mensagem de erro ao inserir credenciais inválidas",
              "fullTitle": "Validação de Autenticação e Teste de Credenciais de Usuário Deve exibir mensagem de erro ao inserir credenciais inválidas",
              "timedOut": null,
              "duration": 3200,
              "state": "passed",
              "speed": "fast",
              "pass": true,
              "fail": false,
              "pending": false,
              "context": null,
              "code": "cy.intercept('POST', `${Cypress.env('apiUrl')}/users/login`).as('loginRequest');\ncy.get('input[name=\"email\"]').type('invaliduser@example.com');\ncy.get('input[name=\"password\"]').type('wrongpassword');\ncy.get('button[type=\"submit\"]').click();\ncy.wait('@loginRequest').its('response.statusCode').should('eq', 401);",
              "err": {},
              "uuid": "e802f348-e7c3-445b-9783-664b0a911c0a",
              "parentUUID": "1a41c3ab-f1bc-4151-a185-468dca027cbc",
              "isHook": false,
              "skipped": false
            },
            {
              "title": "Deve exibir mensagem de erro ao tentar logar sem email",
              "fullTitle": "Validação de Autenticação e Teste de Credenciais de Usuário Deve exibir mensagem de erro ao tentar logar sem email",
              "timedOut": null,
              "duration": 2350,
              "state": "passed",
              "speed": "fast",
              "pass": true,
              "fail": false,
              "pending": false,
              "context": null,
              "code": "cy.get('input[name=\"password\"]').type(Cypress.env('password'));\ncy.get('button[type=\"submit\"]').click();\ncy.get('.invalid-feedback').should('be.visible').should('contain', 'Email address is required');",
              "err": {},
              "uuid": "6bae490f-128c-4b6f-90fe-cabc22fafb8b",
              "parentUUID": "1a41c3ab-f1bc-4151-a185-468dca027cbc",
              "isHook": false,
              "skipped": false
            },
            {
              "title": "Deve exibir mensagem de erro ao não inserir senha",
              "fullTitle": "Validação de Autenticação e Teste de Credenciais de Usuário Deve exibir mensagem de erro ao não inserir senha",
              "timedOut": null,
              "duration": 3370,
              "state": "passed",
              "speed": "fast",
              "pass": true,
              "fail": false,
              "pending": false,
              "context": null,
              "code": "cy.intercept('POST', `${Cypress.env('apiUrl')}/users/login`).as('loginRequest');\ncy.get('input[name=\"email\"]').type(Cypress.env('email'));\ncy.get('input[name=\"password\"]').type('wrongpassword');\ncy.get('button[type=\"submit\"]').click();\ncy.wait('@loginRequest').its('response.statusCode').should('eq', 401);",
              "err": {},
              "uuid": "a45523a6-bf31-475a-a88d-e40d3b7173c6",
              "parentUUID": "1a41c3ab-f1bc-4151-a185-468dca027cbc",
              "isHook": false,
              "skipped": false
            },
            {
              "title": "Deve exibir mensagem de erro ao inserir um email não registrado",
              "fullTitle": "Validação de Autenticação e Teste de Credenciais de Usuário Deve exibir mensagem de erro ao inserir um email não registrado",
              "timedOut": null,
              "duration": 3301,
              "state": "passed",
              "speed": "fast",
              "pass": true,
              "fail": false,
              "pending": false,
              "context": null,
              "code": "cy.intercept('POST', `${Cypress.env('apiUrl')}/users/login`).as('loginRequest');\ncy.get('input[name=\"email\"]').type('notregistered@example.com');\ncy.get('input[name=\"password\"]').type(Cypress.env('password'));\ncy.get('button[type=\"submit\"]').click();\ncy.wait('@loginRequest').its('response.statusCode').should('eq', 401);",
              "err": {},
              "uuid": "141a93f8-728e-49c5-8574-ff52019c34bb",
              "parentUUID": "1a41c3ab-f1bc-4151-a185-468dca027cbc",
              "isHook": false,
              "skipped": false
            },
            {
              "title": "Deve exibir mensagem de erro ao inserir um email sem o símbolo \"@\"",
              "fullTitle": "Validação de Autenticação e Teste de Credenciais de Usuário Deve exibir mensagem de erro ao inserir um email sem o símbolo \"@\"",
              "timedOut": null,
              "duration": 2826,
              "state": "passed",
              "speed": "fast",
              "pass": true,
              "fail": false,
              "pending": false,
              "context": null,
              "code": "cy.get('input[name=\"email\"]').type('invalidemail.com');\ncy.get('input[name=\"password\"]').type(Cypress.env('password'));\ncy.get('button[type=\"submit\"]').click();\ncy.get('.invalid-feedback').should('contain', 'Email address is invalid');",
              "err": {},
              "uuid": "8d6de542-3d97-45d6-94c7-c1997bc5b387",
              "parentUUID": "1a41c3ab-f1bc-4151-a185-468dca027cbc",
              "isHook": false,
              "skipped": false
            },
            {
              "title": "Deve exibir mensagem de erro ao inserir um email sem domínio",
              "fullTitle": "Validação de Autenticação e Teste de Credenciais de Usuário Deve exibir mensagem de erro ao inserir um email sem domínio",
              "timedOut": null,
              "duration": 3019,
              "state": "passed",
              "speed": "fast",
              "pass": true,
              "fail": false,
              "pending": false,
              "context": null,
              "code": "cy.get('input[name=\"email\"]').type('invalidemail@domain');\ncy.get('input[name=\"password\"]').type(Cypress.env('password'));\ncy.get('button[type=\"submit\"]').click();\ncy.get('.invalid-feedback').should('contain', 'Email address is invalid');",
              "err": {},
              "uuid": "9e96df5d-cae3-43a3-888e-fc529753cc72",
              "parentUUID": "1a41c3ab-f1bc-4151-a185-468dca027cbc",
              "isHook": false,
              "skipped": false
            }
          ],
          "suites": [],
          "passes": [
            "517c7b79-1e69-4d34-a393-40ff27ded2cd",
            "e802f348-e7c3-445b-9783-664b0a911c0a",
            "6bae490f-128c-4b6f-90fe-cabc22fafb8b",
            "a45523a6-bf31-475a-a88d-e40d3b7173c6",
            "141a93f8-728e-49c5-8574-ff52019c34bb",
            "8d6de542-3d97-45d6-94c7-c1997bc5b387",
            "9e96df5d-cae3-43a3-888e-fc529753cc72"
          ],
          "failures": [],
          "pending": [],
          "skipped": [],
          "duration": 23682,
          "root": false,
          "rootEmpty": false,
          "_timeout": 2000
        }
      ],
      "passes": [],
      "failures": [],
      "pending": [],
      "skipped": [],
      "duration": 0,
      "root": true,
      "rootEmpty": true,
      "_timeout": 2000
    }
  ],
  "meta": {
    "mocha": {
      "version": "7.0.1"
    },
    "mochawesome": {
      "options": {
        "quiet": false,
        "reportFilename": "mochawesome",
        "saveHtml": true,
        "saveJson": true,
        "consoleReporter": "spec",
        "useInlineDiffs": false,
        "code": true
      },
      "version": "7.1.3"
    },
    "marge": {
      "options": {
        "reportDir": "cypress/reports",
        "overwrite": false,
        "html": true,
        "json": true
      },
      "version": "6.2.0"
    }
  }
}